<?xml version="1.0" encoding="UTF-8"?>
<testng-results ignored="0" total="1" passed="1" failed="0" skipped="0">
  <reporter-output>
  </reporter-output>
  <suite started-at="2022-09-02T12:55:54 IST" name="Default suite" finished-at="2022-09-02T12:56:01 IST" duration-ms="6410">
    <groups>
    </groups>
    <test started-at="2022-09-02T12:55:54 IST" name="Default test" finished-at="2022-09-02T12:56:01 IST" duration-ms="6410">
      <class name="com.karan.tests.GoogleTitleTest">
        <test-method is-config="true" signature="setUp()[pri:0, instance:com.karan.tests.GoogleTitleTest@2df3b89c]" started-at="2022-09-02T12:55:54 IST" name="setUp" finished-at="2022-09-02T12:56:01 IST" duration-ms="6285" status="PASS">
          <reporter-output>
          </reporter-output>
        </test-method> <!-- setUp -->
        <test-method signature="f()[pri:0, instance:com.karan.tests.GoogleTitleTest@2df3b89c]" started-at="2022-09-02T12:56:01 IST" name="f" finished-at="2022-09-02T12:56:01 IST" duration-ms="17" status="PASS">
          <reporter-output>
          </reporter-output>
        </test-method> <!-- f -->
        <test-method is-config="true" signature="tearDown()[pri:0, instance:com.karan.tests.GoogleTitleTest@2df3b89c]" started-at="2022-09-02T12:56:01 IST" name="tearDown" finished-at="2022-09-02T12:56:01 IST" duration-ms="76" status="PASS">
          <reporter-output>
          </reporter-output>
        </test-method> <!-- tearDown -->
      </class> <!-- com.karan.tests.GoogleTitleTest -->
    </test> <!-- Default test -->
  </suite> <!-- Default suite -->
</testng-results>
