<?xml version="1.0" encoding="UTF-8"?>
<testng-results ignored="0" total="1" passed="1" failed="0" skipped="0">
  <reporter-output>
  </reporter-output>
  <suite started-at="2022-08-24T21:35:07 IST" name="Default suite" finished-at="2022-08-24T21:35:15 IST" duration-ms="7381">
    <groups>
    </groups>
    <test started-at="2022-08-24T21:35:07 IST" name="Default test" finished-at="2022-08-24T21:35:15 IST" duration-ms="7381">
      <class name="com.karan.tests.DemoTest">
        <test-method signature="f()[pri:0, instance:com.karan.tests.DemoTest@198b6731]" started-at="2022-08-24T21:35:07 IST" name="f" finished-at="2022-08-24T21:35:15 IST" duration-ms="7354" status="PASS">
          <reporter-output>
          </reporter-output>
        </test-method> <!-- f -->
      </class> <!-- com.karan.tests.DemoTest -->
    </test> <!-- Default test -->
  </suite> <!-- Default suite -->
</testng-results>
